[    0.000000] Initializing cgroup subsys cpuset
[    0.000000] Initializing cgroup subsys cpu
[    0.000000] Initializing cgroup subsys cpuacct
[    0.000000] Linux version 4.4.0-210-generic (buildd@lgw01-amd64-009) (gcc version 5.4.0 20160609 (Ubuntu 5.4.0-6ubuntu1~16.04.12) ) #242-Ubuntu SMP Fri Apr 16 09:57:56 UTC 2021 (Ubuntu 4.4.0-210.242-generic 4.4.262)
[    0.000000] Command line: BOOT_IMAGE=/boot/vmlinuz-4.4.0-210-generic root=LABEL=cloudimg-rootfs ro console=tty1 console=ttyS0
[    0.000000] KERNEL supported cpus:
[    0.000000]   Intel GenuineIntel
[    0.000000]   AMD AuthenticAMD
[    0.000000]   Centaur CentaurHauls
[    0.000000] x86/fpu: xstate_offset[2]:  576, xstate_sizes[2]:  256
[    0.000000] x86/fpu: Supporting XSAVE feature 0x01: 'x87 floating point registers'
[    0.000000] x86/fpu: Supporting XSAVE feature 0x02: 'SSE registers'
[    0.000000] x86/fpu: Supporting XSAVE feature 0x04: 'AVX registers'
[    0.000000] x86/fpu: Enabled xstate features 0x7, context size is 832 bytes, using 'standard' format.
[    0.000000] e820: BIOS-provided physical RAM map:
[    0.000000] BIOS-e820: [mem 0x0000000000000000-0x000000000009fbff] usable
[    0.000000] BIOS-e820: [mem 0x000000000009fc00-0x000000000009ffff] reserved
[    0.000000] BIOS-e820: [mem 0x00000000000f0000-0x00000000000fffff] reserved
[    0.000000] BIOS-e820: [mem 0x0000000000100000-0x000000003ffeffff] usable
[    0.000000] BIOS-e820: [mem 0x000000003fff0000-0x000000003fffffff] ACPI data
[    0.000000] BIOS-e820: [mem 0x00000000fec00000-0x00000000fec00fff] reserved
[    0.000000] BIOS-e820: [mem 0x00000000fee00000-0x00000000fee00fff] reserved
[    0.000000] BIOS-e820: [mem 0x00000000fffc0000-0x00000000ffffffff] reserved
[    0.000000] NX (Execute Disable) protection: active
[    0.000000] SMBIOS 2.5 present.
[    0.000000] Hypervisor detected: KVM
[    0.000000] e820: last_pfn = 0x3fff0 max_arch_pfn = 0x400000000
[    0.000000] MTRR: Disabled
[    0.000000] x86/PAT: MTRRs disabled, skipping PAT initialization too.
[    0.000000] CPU MTRRs all blank - virtualized system.
[    0.000000] x86/PAT: Configuration [0-7]: WB  WT  UC- UC  WB  WT  UC- UC  
[    0.000000] found SMP MP-table at [mem 0x0009fff0-0x0009ffff] mapped at [ffff88000009fff0]
[    0.000000] Scanning 1 areas for low memory corruption
[    0.000000] RAMDISK: [mem 0x362de000-0x37166fff]
[    0.000000] ACPI: Early table checksum verification disabled
[    0.000000] ACPI: RSDP 0x00000000000E0000 000024 (v02 VBOX  )
[    0.000000] ACPI: XSDT 0x000000003FFF0030 00003C (v01 VBOX   VBOXXSDT 00000001 ASL  00000061)
[    0.000000] ACPI: FACP 0x000000003FFF00F0 0000F4 (v04 VBOX   VBOXFACP 00000001 ASL  00000061)
[    0.000000] ACPI: DSDT 0x000000003FFF0470 002325 (v02 VBOX   VBOXBIOS 00000002 INTL 20120111)
[    0.000000] ACPI: FACS 0x000000003FFF0200 000040
[    0.000000] ACPI: FACS 0x000000003FFF0200 000040
[    0.000000] ACPI: APIC 0x000000003FFF0240 00005C (v02 VBOX   VBOXAPIC 00000001 ASL  00000061)
[    0.000000] ACPI: SSDT 0x000000003FFF02A0 0001CC (v01 VBOX   VBOXCPUT 00000002 INTL 20120111)
[    0.000000] No NUMA configuration found
[    0.000000] Faking a node at [mem 0x0000000000000000-0x000000003ffeffff]
[    0.000000] NODE_DATA(0) allocated [mem 0x3ffeb000-0x3ffeffff]
[    0.000000] kvm-clock: Using msrs 4b564d01 and 4b564d00
[    0.000000] kvm-clock: cpu 0, msr 0:3ffe3001, primary cpu clock
[    0.000000] kvm-clock: using sched offset of 3538346532 cycles
[    0.000000] clocksource: kvm-clock: mask: 0xffffffffffffffff max_cycles: 0x1cd42e4dffb, max_idle_ns: 881590591483 ns
[    0.000000] Zone ranges:
[    0.000000]   DMA      [mem 0x0000000000001000-0x0000000000ffffff]
[    0.000000]   DMA32    [mem 0x0000000001000000-0x000000003ffeffff]
[    0.000000]   Normal   empty
[    0.000000]   Device   empty
[    0.000000] Movable zone start for each node
[    0.000000] Early memory node ranges
[    0.000000]   node   0: [mem 0x0000000000001000-0x000000000009efff]
[    0.000000]   node   0: [mem 0x0000000000100000-0x000000003ffeffff]
[    0.000000] Initmem setup node 0 [mem 0x0000000000001000-0x000000003ffeffff]
[    0.000000] ACPI: PM-Timer IO Port: 0x4008
[    0.000000] IOAPIC[0]: apic_id 2, version 32, address 0xfec00000, GSI 0-23
[    0.000000] ACPI: INT_SRC_OVR (bus 0 bus_irq 0 global_irq 2 dfl dfl)
[    0.000000] ACPI: INT_SRC_OVR (bus 0 bus_irq 9 global_irq 9 low level)
[    0.000000] Using ACPI (MADT) for SMP configuration information
[    0.000000] smpboot: Allowing 2 CPUs, 0 hotplug CPUs
[    0.000000] PM: Registered nosave memory: [mem 0x00000000-0x00000fff]
[    0.000000] PM: Registered nosave memory: [mem 0x0009f000-0x0009ffff]
[    0.000000] PM: Registered nosave memory: [mem 0x000a0000-0x000effff]
[    0.000000] PM: Registered nosave memory: [mem 0x000f0000-0x000fffff]
[    0.000000] e820: [mem 0x40000000-0xfebfffff] available for PCI devices
[    0.000000] Booting paravirtualized kernel on KVM
[    0.000000] clocksource: refined-jiffies: mask: 0xffffffff max_cycles: 0xffffffff, max_idle_ns: 7645519600211568 ns
[    0.000000] setup_percpu: NR_CPUS:512 nr_cpumask_bits:512 nr_cpu_ids:2 nr_node_ids:1
[    0.000000] PERCPU: Embedded 33 pages/cpu @ffff88003fc00000 s95192 r8192 d31784 u1048576
[    0.000000] Built 1 zonelists in Node order, mobility grouping on.  Total pages: 257912
[    0.000000] Policy zone: DMA32
[    0.000000] Kernel command line: BOOT_IMAGE=/boot/vmlinuz-4.4.0-210-generic root=LABEL=cloudimg-rootfs ro console=tty1 console=ttyS0
[    0.000000] PID hash table entries: 4096 (order: 3, 32768 bytes)
[    0.000000] Memory: 997796K/1048120K available (8644K kernel code, 1332K rwdata, 4044K rodata, 1492K init, 1164K bss, 50324K reserved, 0K cma-reserved)
[    0.000000] SLUB: HWalign=64, Order=0-3, MinObjects=0, CPUs=2, Nodes=1
[    0.000000] Kernel/User page tables isolation: enabled
[    0.000000] Hierarchical RCU implementation.
[    0.000000] 	Build-time adjustment of leaf fanout to 64.
[    0.000000] 	RCU restricting CPUs from NR_CPUS=512 to nr_cpu_ids=2.
[    0.000000] RCU: Adjusting geometry for rcu_fanout_leaf=64, nr_cpu_ids=2
[    0.000000] NR_IRQS:33024 nr_irqs:440 16
[    0.000000] Console: colour VGA+ 80x25
[    0.000000] console [tty1] enabled
[    0.000000] console [ttyS0] enabled
[    0.000000] tsc: Detected 1391.999 MHz processor
[    0.143210] Calibrating delay loop (skipped) preset value.. 2783.99 BogoMIPS (lpj=5567996)
[    0.145005] pid_max: default: 32768 minimum: 301
[    0.145986] ACPI: Core revision 20150930
[    0.147775] ACPI: 2 ACPI AML tables successfully acquired and loaded
[    0.149394] Security Framework initialized
[    0.150276] Yama: becoming mindful.
[    0.151092] AppArmor: AppArmor initialized
[    0.152030] Dentry cache hash table entries: 131072 (order: 8, 1048576 bytes)
[    0.154666] Inode-cache hash table entries: 65536 (order: 7, 524288 bytes)
[    0.156207] Mount-cache hash table entries: 2048 (order: 2, 16384 bytes)
[    0.157628] Mountpoint-cache hash table entries: 2048 (order: 2, 16384 bytes)
[    0.159197] Initializing cgroup subsys io
[    0.160081] Initializing cgroup subsys memory
[    0.161009] Initializing cgroup subsys devices
[    0.161947] Initializing cgroup subsys freezer
[    0.162883] Initializing cgroup subsys net_cls
[    0.163856] Initializing cgroup subsys perf_event
[    0.164836] Initializing cgroup subsys net_prio
[    0.165885] Initializing cgroup subsys hugetlb
[    0.167203] Initializing cgroup subsys pids
[    0.179682] mce: CPU supports 0 MCE banks
[    0.180953] Last level iTLB entries: 4KB 64, 2MB 8, 4MB 8
[    0.182056] Last level dTLB entries: 4KB 64, 2MB 0, 4MB 0, 1GB 4
[    0.183475] Spectre V1 : Mitigation: usercopy/swapgs barriers and __user pointer sanitization
[    0.185258] Spectre V2 : Mitigation: Full generic retpoline
[    0.186411] Spectre V2 : Spectre v2 / SpectreRSB mitigation: Filling RSB on context switch
[    0.188168] Speculative Store Bypass: Vulnerable
[    0.189145] SRBDS: Unknown: Dependent on hypervisor status
[    0.190343] MDS: Mitigation: Clear CPU buffers
[    0.193656] Freeing SMP alternatives memory: 36K
[    0.199955] ftrace: allocating 32380 entries in 127 pages
[    0.253938] smpboot: APIC(0) Converting physical 0 to logical package 0
[    0.255651] smpboot: Max logical packages: 1
[    0.257179] x2apic enabled
[    0.258093] Switched APIC routing to physical x2apic.
[    0.260120] ..TIMER: vector=0x30 apic1=0 pin1=2 apic2=-1 pin2=-1
[    0.369419] smpboot: CPU0: Intel(R) Core(TM) i5-8257U CPU @ 1.40GHz (family: 0x6, model: 0x8e, stepping: 0xa)
[    0.372526] Performance Events: unsupported p6 CPU model 142 no PMU driver, software events only.
[    0.383693] KVM setup paravirtual spinlock
[    0.385796] x86: Booting SMP configuration:
[    0.387027] .... node  #0, CPUs:      #1
[    0.388655] kvm-clock: cpu 1, msr 0:3ffe3041, secondary cpu clock
[    0.401348] mce: CPU supports 0 MCE banks
[    0.404421] x86: Booted up 1 node, 2 CPUs
[    0.405873] smpboot: Total of 2 processors activated (5567.99 BogoMIPS)
[    0.407516] devtmpfs: initialized
[    0.410216] evm: security.selinux
[    0.411112] evm: security.SMACK64
[    0.412122] evm: security.SMACK64EXEC
[    0.412934] evm: security.SMACK64TRANSMUTE
[    0.413843] evm: security.SMACK64MMAP
[    0.414691] evm: security.ima
[    0.415388] evm: security.capability
[    0.416440] clocksource: jiffies: mask: 0xffffffff max_cycles: 0xffffffff, max_idle_ns: 7645041785100000 ns
[    0.418482] futex hash table entries: 512 (order: 3, 32768 bytes)
[    0.419836] pinctrl core: initialized pinctrl subsystem
[    0.421391] RTC time:  1:19:13, date: 05/22/21
[    0.423114] NET: Registered protocol family 16
[    0.434047] cpuidle: using governor ladder
[    0.446683] cpuidle: using governor menu
[    0.448927] PCCT header not found.
[    0.450850] ACPI: bus type PCI registered
[    0.452712] acpiphp: ACPI Hot Plug PCI Controller Driver version: 0.5
[    0.455389] PCI: Using configuration type 1 for base access
[    0.470809] ACPI: Added _OSI(Module Device)
[    0.472919] ACPI: Added _OSI(Processor Device)
[    0.474563] ACPI: Added _OSI(3.0 _SCP Extensions)
[    0.476020] ACPI: Added _OSI(Processor Aggregator Device)
[    0.478623] ACPI: Executed 1 blocks of module-level executable AML code
[    0.483233] ACPI: Interpreter enabled
[    0.484421] ACPI: (supports S0 S5)
[    0.485572] ACPI: Using IOAPIC for interrupt routing
[    0.487242] PCI: Using host bridge windows from ACPI; if necessary, use "pci=nocrs" and report a bug
[    0.494588] ACPI: PCI Root Bridge [PCI0] (domain 0000 [bus 00-ff])
[    0.496335] acpi PNP0A03:00: _OSC: OS supports [ASPM ClockPM Segments MSI]
[    0.498141] acpi PNP0A03:00: _OSC: not requesting OS control; OS requires [ExtendedConfig ASPM ClockPM MSI]
[    0.500269] acpi PNP0A03:00: fail to add MMCONFIG information, can't access extended PCI configuration space under this bridge.
[    0.503173] PCI host bridge to bus 0000:00
[    0.504112] pci_bus 0000:00: root bus resource [io  0x0000-0x0cf7 window]
[    0.505603] pci_bus 0000:00: root bus resource [io  0x0d00-0xffff window]
[    0.507165] pci_bus 0000:00: root bus resource [mem 0x000a0000-0x000bffff window]
[    0.508797] pci_bus 0000:00: root bus resource [mem 0x40000000-0xfdffffff window]
[    0.510506] pci_bus 0000:00: root bus resource [bus 00-ff]
[    0.514008] pci 0000:00:01.1: legacy IDE quirk: reg 0x10: [io  0x01f0-0x01f7]
[    0.515412] pci 0000:00:01.1: legacy IDE quirk: reg 0x14: [io  0x03f6]
[    0.516949] pci 0000:00:01.1: legacy IDE quirk: reg 0x18: [io  0x0170-0x0177]
[    0.525752] pci 0000:00:01.1: legacy IDE quirk: reg 0x1c: [io  0x0376]
[    0.540835] pci 0000:00:07.0: quirk: [io  0x4000-0x403f] claimed by PIIX4 ACPI
[    0.543033] pci 0000:00:07.0: quirk: [io  0x4100-0x410f] claimed by PIIX4 SMB
[    0.552469] ACPI: PCI Interrupt Link [LNKA] (IRQs 5 9 10 *11)
[    0.554338] ACPI: PCI Interrupt Link [LNKB] (IRQs 5 9 *10 11)
[    0.556279] ACPI: PCI Interrupt Link [LNKC] (IRQs 5 *9 10 11)
[    0.558162] ACPI: PCI Interrupt Link [LNKD] (IRQs 5 9 10 *11)
[    0.559745] ACPI: Enabled 2 GPEs in block 00 to 07
[    0.561105] vgaarb: setting as boot device: PCI:0000:00:02.0
[    0.562272] vgaarb: device added: PCI:0000:00:02.0,decodes=io+mem,owns=io+mem,locks=none
[    0.563996] vgaarb: loaded
[    0.564685] vgaarb: bridge control possible 0000:00:02.0
[    0.565996] SCSI subsystem initialized
[    0.566958] ACPI: bus type USB registered
[    0.568170] usbcore: registered new interface driver usbfs
[    0.569333] usbcore: registered new interface driver hub
[    0.570433] usbcore: registered new device driver usb
[    0.572835] PCI: Using ACPI for IRQ routing
[    0.574442] NetLabel: Initializing
[    0.575217] NetLabel:  domain hash size = 128
[    0.576149] NetLabel:  protocols = UNLABELED CIPSOv4
[    0.577437] NetLabel:  unlabeled traffic allowed by default
[    0.578896] amd_nb: Cannot enumerate AMD northbridges
[    0.580351] clocksource: Switched to clocksource kvm-clock
[    0.588370] AppArmor: AppArmor Filesystem Enabled
[    0.589834] pnp: PnP ACPI init
[    0.591645] pnp: PnP ACPI: found 3 devices
[    0.601438] clocksource: acpi_pm: mask: 0xffffff max_cycles: 0xffffff, max_idle_ns: 2085701024 ns
[    0.603568] NET: Registered protocol family 2
[    0.604671] TCP established hash table entries: 8192 (order: 4, 65536 bytes)
[    0.606118] TCP bind hash table entries: 8192 (order: 5, 131072 bytes)
[    0.607415] TCP: Hash tables configured (established 8192 bind 8192)
[    0.608740] UDP hash table entries: 512 (order: 2, 16384 bytes)
[    0.609935] UDP-Lite hash table entries: 512 (order: 2, 16384 bytes)
[    0.611230] NET: Registered protocol family 1
[    0.612173] pci 0000:00:00.0: Limiting direct PCI/PCI transfers
[    0.613416] pci 0000:00:01.0: Activating ISA DMA hang workarounds
[    0.614793] Unpacking initramfs...
[    0.827945] Freeing initrd memory: 14884K
[    0.829232] clocksource: tsc: mask: 0xffffffffffffffff max_cycles: 0x14109a24aaa, max_idle_ns: 440795250993 ns
[    0.831394] platform rtc_cmos: registered platform RTC device (no PNP device found)
[    0.833086] Scanning for low memory corruption every 60 seconds
[    0.834744] audit: initializing netlink subsys (disabled)
[    0.835882] audit: type=2000 audit(1621646359.177:1): initialized
[    0.837364] Initialise system trusted keyring
[    0.838440] HugeTLB registered 2 MB page size, pre-allocated 0 pages
[    0.840752] zbud: loaded
[    0.841695] VFS: Disk quotas dquot_6.6.0
[    0.842669] VFS: Dquot-cache hash table entries: 512 (order 0, 4096 bytes)
[    0.844181] squashfs: version 4.0 (2009/01/31) Phillip Lougher
[    0.846006] fuse init (API version 7.23)
[    0.847569] Key type big_key registered
[    0.848453] Allocating IMA MOK and blacklist keyrings.
[    0.850940] Key type asymmetric registered
[    0.851827] Asymmetric key parser 'x509' registered
[    0.852918] Block layer SCSI generic (bsg) driver version 0.4 loaded (major 249)
[    0.854556] io scheduler noop registered
[    0.855469] io scheduler deadline registered (default)
[    0.857192] io scheduler cfq registered
[    0.858148] pci_hotplug: PCI Hot Plug PCI Core version: 0.5
[    0.859285] pciehp: PCI Express Hot Plug Controller Driver version: 0.4
[    0.861213] ACPI: AC Adapter [AC] (on-line)
[    0.862188] input: Power Button as /devices/LNXSYSTM:00/LNXPWRBN:00/input/input0
[    0.863816] ACPI: Power Button [PWRF]
[    0.864750] input: Sleep Button as /devices/LNXSYSTM:00/LNXSLPBN:00/input/input1
[    0.866363] ACPI: Sleep Button [SLPF]
[    0.867756] GHES: HEST is not enabled!
[    0.868886] ACPI: Battery Slot [BAT0] (battery present)
[    0.870211] Serial: 8250/16550 driver, 32 ports, IRQ sharing enabled
[    0.892194] 00:02: ttyS0 at I/O 0x3f8 (irq = 4, base_baud = 115200) is a 16550A
[    0.897549] Linux agpgart interface v0.103
[    0.900229] loop: module loaded
[    0.902424] scsi host0: ata_piix
[    0.903352] scsi host1: ata_piix
[    0.904260] ata1: PATA max UDMA/33 cmd 0x1f0 ctl 0x3f6 bmdma 0xd000 irq 14
[    0.905764] ata2: PATA max UDMA/33 cmd 0x170 ctl 0x376 bmdma 0xd008 irq 15
[    0.909005] libphy: Fixed MDIO Bus: probed
[    0.910369] tun: Universal TUN/TAP device driver, 1.6
[    0.911991] tun: (C) 1999-2004 Max Krasnyansky <maxk@qualcomm.com>
[    0.913978] PPP generic driver version 2.4.2
[    0.915627] ehci_hcd: USB 2.0 'Enhanced' Host Controller (EHCI) Driver
[    0.918101] ehci-pci: EHCI PCI platform driver
[    0.919765] ehci-platform: EHCI generic platform driver
[    0.921684] ohci_hcd: USB 1.1 'Open' Host Controller (OHCI) Driver
[    0.923982] ohci-pci: OHCI PCI platform driver
[    0.925698] ohci-platform: OHCI generic platform driver
[    0.927603] uhci_hcd: USB Universal Host Controller Interface driver
[    0.929877] i8042: PNP: PS/2 Controller [PNP0303:PS2K,PNP0f03:PS2M] at 0x60,0x64 irq 1,12
[    0.933475] serio: i8042 KBD port at 0x60,0x64 irq 1
[    0.935299] serio: i8042 AUX port at 0x60,0x64 irq 12
[    0.937505] mousedev: PS/2 mouse device common for all mice
[    0.940044] input: AT Translated Set 2 keyboard as /devices/platform/i8042/serio0/input/input2
[    0.944207] rtc_cmos rtc_cmos: rtc core: registered rtc_cmos as rtc0
[    0.946727] rtc_cmos rtc_cmos: alarms up to one day, 114 bytes nvram
[    0.949109] i2c /dev entries driver
[    0.951086] device-mapper: uevent: version 1.0.3
[    0.952390] device-mapper: ioctl: 4.34.0-ioctl (2015-10-28) initialised: dm-devel@redhat.com
[    0.954186] ledtrig-cpu: registered to indicate activity on CPUs
[    0.955729] NET: Registered protocol family 10
[    0.956939] NET: Registered protocol family 17
[    0.957921] Key type dns_resolver registered
[    0.959239] registered taskstats version 1
[    0.960146] Loading compiled-in X.509 certificates
[    0.961833] Loaded X.509 cert 'Build time autogenerated kernel key: cf00e047681d67edb2720680708b7d9498083038'
[    0.964275] zswap: loaded using pool lzo/zbud
[    0.966808] Key type trusted registered
[    0.970171] Key type encrypted registered
[    0.971053] AppArmor: AppArmor sha1 policy hashing enabled
[    0.972174] ima: No TPM chip found, activating TPM-bypass!
[    0.973344] ima: Allocated hash algorithm: sha1
[    0.974314] evm: HMAC attrs: 0x1
[    0.975489]   Magic number: 5:22:307
[    0.976871] tty tty36: hash matches
[    0.977860] rtc_cmos rtc_cmos: setting system clock to 2021-05-22 01:19:14 UTC (1621646354)
[    0.979829] BIOS EDD facility v0.16 2004-Jun-25, 0 devices found
[    0.981111] EDD information not available.
[    1.097740] Freeing unused kernel memory: 1492K
[    1.099509] Write protecting the kernel read-only data: 14336k
[    1.101963] Freeing unused kernel memory: 1584K
[    1.103222] Freeing unused kernel memory: 52K
Loading, please wait...
starting version 229
[    1.115669] random: systemd-udevd: uninitialized urandom read (16 bytes read, 3 bits of entropy available)
[    1.116236] random: udevadm: uninitialized urandom read (16 bytes read, 3 bits of entropy available)
[    1.116259] random: udevadm: uninitialized urandom read (16 bytes read, 3 bits of entropy available)
[    1.121993] random: systemd-udevd: uninitialized urandom read (16 bytes read, 3 bits of entropy available)
[    1.122928] random: udevadm: uninitialized urandom read (16 bytes read, 3 bits of entropy available)
[    1.122970] random: udevadm: uninitialized urandom read (16 bytes read, 3 bits of entropy available)
[    1.123100] random: udevadm: uninitialized urandom read (16 bytes read, 3 bits of entropy available)
[    1.123146] random: udevadm: uninitialized urandom read (16 bytes read, 3 bits of entropy available)
[    1.123194] random: udevadm: uninitialized urandom read (16 bytes read, 3 bits of entropy available)
[    1.123241] random: udevadm: uninitialized urandom read (16 bytes read, 3 bits of entropy available)
[    1.173430] e1000: Intel(R) PRO/1000 Network Driver - version 7.3.21-k8-NAPI
[    1.175313] e1000: Copyright (c) 1999-2006 Intel Corporation.
[    1.177518] Fusion MPT base driver 3.04.20
[    1.178861] Copyright (c) 1999-2008 LSI Corporation
[    1.183688] Fusion MPT SPI Host driver 3.04.20
[    1.197075] AVX2 version of gcm_enc/dec engaged.
[    1.198950] AES CTR mode by8 optimization enabled
[    1.407874] input: ImExPS/2 Generic Explorer Mouse as /devices/platform/i8042/serio1/input/input4
[    1.790834] e1000 0000:00:03.0 eth0: (PCI:33MHz:32-bit) 02:ed:98:3c:8e:82
[    1.793039] e1000 0000:00:03.0 eth0: Intel(R) PRO/1000 Network Connection
[    1.795373] mptbase: ioc0: Initiating bringup
[    2.216572] ioc0: LSI53C1030 A0: Capabilities={Initiator}
[    3.846323] scsi host2: ioc0: LSI53C1030 A0, FwRev=00000000h, Ports=1, MaxQ=256, IRQ=20
[    5.355365] scsi 2:0:0:0: Direct-Access     VBOX     HARDDISK         1.0  PQ: 0 ANSI: 5
[    5.358609] scsi target2:0:0: Beginning Domain Validation
[    5.362181] scsi target2:0:0: Domain Validation skipping write tests
[    5.363667] scsi target2:0:0: Ending Domain Validation
[    5.365008] scsi target2:0:0: asynchronous
[    5.366715] scsi 2:0:1:0: Direct-Access     VBOX     HARDDISK         1.0  PQ: 0 ANSI: 5
[    5.368612] scsi target2:0:1: Beginning Domain Validation
[    5.371242] scsi target2:0:1: Domain Validation skipping write tests
[    5.372616] scsi target2:0:1: Ending Domain Validation
[    5.381392] scsi target2:0:1: asynchronous
[    5.396937] sd 2:0:0:0: Attached scsi generic sg0 type 0
[    5.398451] sd 2:0:0:0: [sda] 83886080 512-byte logical blocks: (42.9 GB/40.0 GiB)
[    5.400199] sd 2:0:1:0: Attached scsi generic sg1 type 0
[    5.401465] sd 2:0:1:0: [sdb] 20480 512-byte logical blocks: (10.5 MB/10.0 MiB)
[    5.403647] sd 2:0:0:0: [sda] Write Protect is off
[    5.405277] sd 2:0:1:0: [sdb] Write Protect is off
[    5.406509] sd 2:0:0:0: [sda] Incomplete mode parameter data
[    5.408063] sd 2:0:0:0: [sda] Assuming drive cache: write through
[    5.409435] sd 2:0:1:0: [sdb] Incomplete mode parameter data
[    5.410646] sd 2:0:1:0: [sdb] Assuming drive cache: write through
[    5.413868]  sda: sda1
[    5.415729] sd 2:0:1:0: [sdb] Attached SCSI disk
[    5.417286] sd 2:0:0:0: [sda] Attached SCSI disk
[    5.830746] e1000 0000:00:08.0 eth1: (PCI:33MHz:32-bit) 08:00:27:9a:fe:8e
[    5.832905] e1000 0000:00:08.0 eth1: Intel(R) PRO/1000 Network Connection
[    5.835655] e1000 0000:00:08.0 enp0s8: renamed from eth1
[    5.853257] e1000 0000:00:03.0 enp0s3: renamed from eth0
Begin: Loading essential drivers ... [    7.133683] md: linear personality registered for level -1
[    7.137419] md: multipath personality registered for level -4
[    7.140588] md: raid0 personality registered for level 0
[    7.144800] md: raid1 personality registered for level 1
[    7.216541] raid6: sse2x1   gen() 12455 MB/s
[    7.284614] raid6: sse2x1   xor()  9498 MB/s
[    7.353023] raid6: sse2x2   gen() 15659 MB/s
[    7.420500] raid6: sse2x2   xor() 10684 MB/s
[    7.488863] raid6: sse2x4   gen() 16864 MB/s
[    7.557090] raid6: sse2x4   xor() 12218 MB/s
[    7.626602] raid6: avx2x1   gen() 22822 MB/s
[    7.692804] raid6: avx2x2   gen() 28556 MB/s
[    7.760609] raid6: avx2x4   gen() 31804 MB/s
[    7.762133] raid6: using algorithm avx2x4 gen() 31804 MB/s
[    7.763339] raid6: using avx2x2 recovery algorithm
[    7.765777] xor: automatically using best checksumming function:
[    7.809307]    avx       : 40324.000 MB/sec
[    7.811864] async_tx: api initialized (async)
[    7.820038] md: raid6 personality registered for level 6
[    7.821899] md: raid5 personality registered for level 5
[    7.822995] md: raid4 personality registered for level 4
[    7.829237] md: raid10 personality registered for level 10
done.
Begin: Running /scripts/init-premount ... done.
Begin: Mounting root file system ... Begin: Running /scripts/local-top ... done.
Begin: Running /scripts/local-premount ... [    7.854946] Btrfs loaded
Scanning for Btrfs filesystems
done.
Warning: fsck not present, so skipping root file system
[    7.878281] EXT4-fs (sda1): mounted filesystem with ordered data mode. Opts: (null)
done.
Begin: Running /scripts/local-bottom ... done.
Begin: Running /scripts/init-bottom ... done.
[    7.959263] systemd[1]: systemd 229 running in system mode. (+PAM +AUDIT +SELINUX +IMA +APPARMOR +SMACK +SYSVINIT +UTMP +LIBCRYPTSETUP +GCRYPT +GNUTLS +ACL +XZ -LZ4 +SECCOMP +BLKID +ELFUTILS +KMOD -IDN)
[    7.963038] systemd[1]: Detected virtualization oracle.
[    7.964139] systemd[1]: Detected architecture x86-64.

Welcome to [1mUbuntu 16.04.7 LTS[0m!

[    7.967959] systemd[1]: Set hostname to <ubuntu>.
[    7.971458] systemd[1]: Initializing machine ID from random generator.
[    7.973039] systemd[1]: Installed transient /etc/machine-id file.
[    8.088334] systemd[1]: Listening on Journal Socket.
[[0;32m  OK  [0m] Listening on Journal Socket.
[    8.090499] systemd[1]: Started Forward Password Requests to Wall Directory Watch.
[[0;32m  OK  [0m] Started Forward Password Requests to Wall Directory Watch.
[    8.093347] systemd[1]: Reached target Encrypted Volumes.
[[0;32m  OK  [0m] Reached target Encrypted Volumes.
[    8.095471] systemd[1]: Listening on Syslog Socket.
[[0;32m  OK  [0m] Listening on Syslog Socket.
[    8.097656] systemd[1]: Set up automount Arbitrary Executable File Formats File System Automount Point.
[[0;32m  OK  [0m] Set up automount Arbitrary Executab...ats File System Automount Point.
[    8.100915] systemd[1]: Listening on Journal Socket (/dev/log).
[[0;32m  OK  [0m] Listening on Journal Socket (/dev/log).
[    8.103289] systemd[1]: Reached target User and Group Name Lookups.
[[0;32m  OK  [0m] Reached target User and Group Name Lookups.
[    8.105883] systemd[1]: Reached target System Time Synchronized.
[[0;32m  OK  [0m] Reached target System Time Synchronized.
[    8.113150] systemd[1]: Listening on LVM2 poll daemon socket.
[[0;32m  OK  [0m] Listening on LVM2 poll daemon socket.
[    8.121298] systemd[1]: Listening on udev Kernel Socket.
[[0;32m  OK  [0m] Listening on udev Kernel Socket.
[    8.132915] systemd[1]: Reached target Swap.
[[0;32m  OK  [0m] Reached target Swap.
[    8.136877] systemd[1]: Listening on LVM2 metadata daemon socket.
[[0;32m  OK  [0m] Listening on LVM2 metadata daemon socket.
[    8.145274] systemd[1]: Listening on /dev/initctl Compatibility Named Pipe.
[[0;32m  OK  [0m] Listening on /dev/initctl Compatibility Named Pipe.
[    8.149458] systemd[1]: Started Trigger resolvconf update for networkd DNS.
[[0;32m  OK  [0m] Started Trigger resolvconf update for networkd DNS.
[    8.153348] systemd[1]: Created slice User and Session Slice.
[[0;32m  OK  [0m] Created slice User and Session Slice.
[    8.156076] systemd[1]: Created slice System Slice.
[[0;32m  OK  [0m] Created slice System Slice.
[    8.158057] systemd[1]: Reached target Slices.
[[0;32m  OK  [0m] Reached target Slices.
[    8.173006] systemd[1]: Mounting Debug File System...
         Mounting Debug File System...
[    8.186562] systemd[1]: Mounting POSIX Message Queue File System...
         Mounting POSIX Message Queue File System...
[    8.190534] systemd[1]: Starting Nameserver information manager...
         Starting Nameserver information manager...
[    8.193438] systemd[1]: Created slice system-serial\x2dgetty.slice.
[[0;32m  OK  [0m] Created slice system-serial\x2dgetty.slice.
[    8.197378] systemd[1]: Mounting Huge Pages File System...
         Mounting Huge Pages File System...
[    8.201875] systemd[1]: Starting Load Kernel Modules...
         Starting Load Kernel Modules...
[    8.210037] Loading iSCSI transport class v2.0-870.
[    8.213365] systemd[1]: Starting Create list of required static device nodes for the current kernel...
         Starting Create list of required st... nodes for the current kernel...
[    8.217563] systemd[1]: Listening on udev Control Socket.
[    8.218958] iscsi: registered transport (tcp)
[[0;32m  OK  [0m] Listening on udev Control Socket.
[    8.221951] systemd[1]: Listening on Device-mapper event daemon FIFOs.
[[0;32m  OK  [0m] Listening on Device-mapper event daemon FIFOs.
[    8.225006] systemd[1]: Starting Monitoring of LVM2 mirrors, snapshots etc. using dmeventd or progress polling...
         Starting Monitoring of LVM2 mirrors... dmeventd or progress polling...
[    8.230619] systemd[1]: Listening on fsck to fsckd communication Socket.
[[0;32m  OK  [0m] Listening on fsck to fsckd communication Socket.
[    8.235373] systemd[1]: Starting File System Check on Root Device...
         Starting File System Check on Root Device...
[    8.239630] systemd[1]: Starting Set console keymap...
         Starting Set console keymap...
[    8.242441] systemd[1]: Starting Uncomplicated firewall...
         Starting Uncomplicated firewall...
[    8.246459] systemd[1]: Listening on Journal Audit Socket.
[[0;32m  OK  [0m] Listening on Journal Audit Socket.
[    8.249384] systemd[1]: Starting Journal Service...
         Starting Journal Service...
[    8.253564] systemd[1]: Mounted POSIX Message Queue File System.
[[0;32m  OK  [0m] Mounted POSIX Message Queue File System.
[    8.256466] systemd[1]: Mounted Debug File System.
[[0;32m  OK  [0m] Mounted Debug File System.
[    8.259046] systemd[1]: Mounted Huge Pages File System.
[[0;32m  OK  [0m] Mounted Huge Pages File System.
[    8.263492] systemd[1]: Started Create list of required static device nodes for the current kernel.
[[0;32m  OK  [0m] Started Create list of required sta...ce nodes for the current kernel.
[    8.269018] systemd[1]: Started Uncomplicated firewall.
[[0;32m  OK  [0m] Started Uncomplicated firewall.
[    8.271568] systemd[1]: Started Nameserver information manager.
[[0;32m  OK  [0m] Started Nameserver information manager.
[    8.276141] systemd[1]: Started LVM2 metadata daemon.
[[0;32m  OK  [0m] Started LVM2 metadata daemon.
[    8.279499] systemd[1]: Started File System Check Daemon to report status.
[[0;32m  OK  [0m] Started File System Check Daemon to report status.
[    8.283765] systemd[1]: Starting Create Static Device Nodes in /dev...
         Starting Create Static Device Nodes in /dev...
[    8.287451] systemd[1]: Started Journal Service.
[[0;32m  OK  [0m] Started Journal Service.
[[0;32m  OK  [0m] Started File System Check on Root Device.
         Starting Remount Root and Kernel File Systems...
[    8.301501] EXT4-fs (sda1): re-mounted. Opts: (null)
[[0;32m  OK  [0m] Started Remount Root and Kernel File Systems.
[[0;32m  OK  [0m] Started Create Static Device Nodes in /dev.
[    8.315327] iscsi: registered transport (iser)
         Starting udev Kernel Device Manager...
         Starting Flush Journal to Persistent Storage...
         Starting Load/Save Random Seed...
         Starting udev Coldplug all Devices...
[[0;32m  OK  [0m] Started Load Kernel Modules.
[[0;32m  OK  [0m] Started Set console keymap.
         Starting Apply Kernel Variables...
         Mounting FUSE Control File System...
[[0;32m  OK  [0m] Started Load/Save Random See[    8.342411] systemd-journald[396]: Received request to flush runtime journal from PID 1
d.
[[0;32m  OK  [0m] Mounted FUSE Control File System.
[[0;32m  OK  [0m] Started Flush Journal to Persistent Storage.
[[0;32m  OK  [0m] Started Apply Kernel Variables.
[[0;32m  OK  [0m] Started udev Kernel Device Manager.
[[0;32m  OK  [0m] Started udev Coldplug all Devices.
[[0;32m  OK  [0m] Started Dispatch Password Requests to Console Directory Watch.
[[0;32m  OK  [0m] Found device /dev/ttyS0.
[[0;32m  OK  [0m] Listening on Load/Save RF Kill Switch Status /dev/rfkill Watch.
[[0;32m  OK  [0m] Started Monitoring of LVM2 mirrors,...ng dmeventd or progress polling.
[[0;32m  OK  [0m] Reached target Local File Systems (Pre).
[[0;32m  OK  [0m] Reached target Local File Systems.
         Starting Initial cloud-init job (pre-networking)...
         Starting Commit a transient machine-id on disk...
         Starting LSB: AppArmor initialization...
         Starting Set console font and keymap...
         Starting Create Volatile Files and Directories...
         Starting Tell Plymouth To Write Out Runtime Data...
[[0;32m  OK  [0m] Started Create Volatile Files and Directories.
         Starting Update UTMP about System Boot/Shutdown...
[[0;32m  OK  [0m] Started Commit a transient machine-id on disk.
[[0;32m  OK  [0m] Started Tell Plymouth To Write Out Runtime Data.
[[0;32m  OK  [0m] Started Update UTMP about System Boot/Shutdown.
[[0;32m  OK  [0m] Started Set console font and keymap.
[[0;32m  OK  [0m] Created slice system-getty.slice.
[    9.325081] cloud-init[556]: Cloud-init v. 21.1-19-gbad84ad4-0ubuntu1~16.04.2 running 'init-local' at Sat, 22 May 2021 01:19:22 +0000. Up 8.96 seconds.
[[0;32m  OK  [0m] Started Initial cloud-init job (pre-networking).
[[0;32m  OK  [0m] Reached target Network (Pre).
[[0;32m  OK  [0m] Started LSB: AppArmor initialization.
         Starting Load AppArmor profiles managed internally by snapd...
         Starting Raise network interfaces...
[[0;32m  OK  [0m] Started Load AppArmor profiles managed internally by snapd.
[[0;32m  OK  [0m] Started Raise network interfaces.
         Starting Initial cloud-init job (metadata service crawler)...
[[0;32m  OK  [0m] Reached target Network.
[   10.320207] cloud-init[964]: Cloud-init v. 21.1-19-gbad84ad4-0ubuntu1~16.04.2 running 'init' at Sat, 22 May 2021 01:19:23 +0000. Up 9.81 seconds.
[   10.328633] cloud-init[964]: ci-info: ++++++++++++++++++++++++++++++++++++++Net device info+++++++++++++++++++++++++++++++++++++++
[   10.330091] cloud-init[964]: ci-info: +--------+-------+----------------------------+---------------+--------+-------------------+
[   10.331513] cloud-init[964]: ci-info: | Device |   Up  |          Address           |      Mask     | Scope  |     Hw-Address    |
[   10.340866] cloud-init[964]: ci-info: +--------+-------+----------------------------+---------------+--------+-------------------+
[   10.352386] cloud-init[964]: ci-info: | enp0s3 |  True |         10.0.2.15          | 255.255.255.0 | global | 02:ed:98:3c:8e:82 |
[[0;32m  OK  [0m] Started Initial cloud-init job (metadata service crawler).
[[0;32m  OK  [0m] Reached target Cloud-config availability.
[[0;32m  OK  [0m] Reached target System Initialization.
[[0;32m  OK  [0m] Listening on D-Bus System Message Bus Socket.
         [   10.364758] Starting Socket activation for snappy daemon.cloud-init
[964]: ci-info: | enp0s3 |  True | fe80::ed:98ff:fe3c:8e82/64 |       .       |  link  | 02:ed:98:3c:8e:82 |
[   10.376567] cloud-init[964]: ci-info: | enp0s8 | False |             .              |       .       |   .    | 08:00:27:9a:fe:8e |
[   10.376968] cloud-init[[964]: [0;32m  OK  [0mci-info: |   lo   |  True |         127.0.0.1          |   255.0.0.0   |  host  |         .         |] 
Started Daily Cleanup of Temporary Directories.
[[   10.377031] [0;32m  OK  [0mcloud-init] [964]: Listening on ACPID Listen Socket.ci-info: |   lo   |  True |          ::1/128           |       .       |  host  |         .         |

[   10.383108] cloud-init[964]: ci-info: +--------+-------+----------------------------+---------------+--------+-------------------+
[[   10.383349] [0;32m  OK  [0mcloud-init] [964]: Started Message of the Day.ci-info: +++++++++++++++++++++++++++Route IPv4 info++++++++++++++++++++++++++++

[   10.383403] cloud-init[964]: ci-info: +-------+-------------+----------+---------------+-----------+-------+
[   10.388918] cloud-init[964]: ci-info: | Route | Destination | Gateway  |    Genmask    | Interface | Flags |
[   10.389145] cloud-init[964]: ci-info: +-------+-------------+----------+---------------+-----------+-------+
[   10.389775] cloud-init[964]: ci-info: |   0   |   0.0.0.0   | 10.0.2.2 |    0.0.0.0    |   enp0s3  |   UG  |
[   10.390386] cloud-init[964]: ci-info: |   1   |   10.0.2.0  | 0.0.0.0  | 255.255.255.0 |   enp0s3  |   U   |
[   10.390998] cloud-init[964]: ci-info: +-------+-------------+----------+---------------+-----------+-------+
[   10.391613] cloud-init[964]: ci-info: +++++++++++++++++++Route IPv6 info+++++++++++++++++++
[   10.392238] cloud-init[964]: ci-info: +-------+-------------+---------+-----------+-------+
[   10.392859] cloud-init[964]: ci-info: | Route | Destination | Gateway | Interface | Flags |
[   10.393468] cloud-init[964]: ci-info: +-------+-------------+---------+-----------+-------+
[   10.394080] cloud-init[964]: ci-info: |   0   |  fe80::/64  |    ::   |   enp0s3  |   U   |
[   10.394709] cloud-init[964]: ci-info: |   3   |   ff00::/8  |    ::   |   enp0s3  |   U   |
[   10.395314] cloud-init[964]: ci-info: +-------+-------------+---------+-----------+-------+
[   10.396017] cloud-init[964]: Generating public/private rsa key pair.
[   10.396553] cloud-init[964]: Your identification has been saved in /etc/ssh/ssh_host_rsa_key.
         Starting LXD - unix socket.
[[0;32m  OK  [0m] Started Daily apt download activities.
[[0;32m  OK  [0m] Started Daily apt upgrade and clean activities.
[[0;32m  OK  [0m] Reached target Timers.
[[0;32m  OK  [0m] Listening on UUID daemon activation socket.
[   10.396739] cloud-init[964]: Your public key has been saved in /etc/ssh/ssh_host_rsa_key.pub.
[   10.409724] cloud-init[964]: The key fingerprint is:
[   10.410782] cloud-init[964]: SHA256:CrjAQ5P6BG8ufkVLzv9TLpsQcpiWcjmHZ5PszEwaWf0 root@ubuntu-xenial
[[0;32m  OK  [0m] Started ACPI Events Check.
[[0;32m  OK  [0m] Reached target Paths.
[[0;32m  OK  [0m] Reached target Network is Online.
[   10.416242] cloud-init[964]: The key's randomart image is:
[   10.420517] cloud-init[964]: +---[RSA 2048]----+
[   10.421519] cloud-init[964]: |                 |
[   10.422489] cloud-init[964]: |  .     .        |
[   10.423469] cloud-init[964]: |.+     . .       |
[   10.424459] cloud-init[964]: |+o.. oX . .      |
[   10.425446] cloud-init[964]: |oo=.*&.@S  E     |
[   10.426682] cloud-init[964]: | *..+*/.o  .     |
[   10.427493] cloud-init[964]: |. + ..o*  o      |
[   10.428325] cloud-init[964]: |.. .   ..o..     |
[   10.429278] cloud-init[964]: | ..     .++      |
         Starting iSCSI initiator daemon (iscsid)...
[[0;32m  OK  [0m] Listening on Socket activation for snappy daemon.
[[0;32m  OK  [0m] Listening on LXD - unix socket.
[[0;32m  OK  [0m] Reached target Sockets.
[[0;32m  OK  [0m] Reached target Basic System.
         Starting LSB: MD monitoring daemon...
[[0;32m  OK  [0m] Started D-Bus System Message Bus.
[   10.443424] cloud-init[964]: +----[SHA256]-----+
[   10.452975] cloud-init[964]: Generating public/private dsa key pair.
[   10.460382] cloud-init[964]: Your identification has been saved in /etc/ssh/ssh_host_dsa_key.
[   10.462150] cloud-init[964]: Your public key has been saved in /etc/ssh/ssh_host_dsa_key.pub.
[   10.463986] cloud-init[964]: The key fingerprint is:
[   10.465276] cloud-init[964]: SHA256:7L0gVAjKMw7lgQLSVgCA9015Ydx0bTxUDpdlhIi95ng root@ubuntu-xenial
[   10.467161] cloud-init[964]: The key's randomart image is:
[   10.468574] cloud-init[964]: +---[DSA 1024]----+
[   10.469754] cloud-init[964]: |O++oo  oo+.o.=o+O|
[   10.470919] cloud-init[964]: |=++o .ooo o.o ** |
[   10.472072] cloud-init[964]: |oo*. o...    o ..|
[   10.473449] cloud-init[964]: | o o. .o    o    |
[   10.474514] cloud-init[964]: |  .   . S  +     |
[   10.475572] cloud-init[964]: |     . . .. E    |
[   10.485078] cloud-init[964]: |      . o ..     |
[   10.492412]          cloud-initStarting Virtualbox guest utils...[964]: 
|       . . .     |
         Starting Accounts Service...
[   10.494255] cloud-init[964]: |          .      |
[   10.499128]          cloud-initStarting /etc/rc.local Compatibility...[964]: 
+----[SHA256]-----+
         Starting LSB: Record successful boot for GRUB...
[   10.501106]          Starting LXD - container startup/shutdown...
         Starting Login Service...
cloud-init[964]: [[0;32m  OK  [0m] Started ACPI event daemon.
Generating public/private ecdsa key pair.         Starting Pollinate to seed the pseudo random number generator...
         Starting System Logging Service...
[[0;32m  OK  [0m] Started Deferred execution scheduler.
[[0;32m  OK  [0m] Started FUSE filesystem for LXC.
         Starting Snap Daemon...

[[0;32m  OK  [0m] Started Regular background program processing daemon.
[[0;32m  OK  [0m] Started /etc/rc.local Compatibility.
[   10.513618] cloud-init[964]: Your identification has been saved in /etc/ssh/ssh_host_ecdsa_key.[[0;32m  OK  [0m] Started iSCSI initiator daemon (iscsid).
         Starting Login to default iSCSI targets...

[   10.541760] cloud-init[964]: Your public key has been saved in /etc/ssh/ssh_host_ecdsa_key.pub.
[[0;32m  OK  [0m] Started Login to default iSCSI targets.
[[0;32m  OK  [0m] Reached target Remote File Systems (Pre).
[[0;32m  OK  [0m] Reached target Remote File Systems.
         Starting LSB: automatic crash report generation...
[   10.550909] cloud-init[964]: The key fingerprint is:
         Starting LSB: Set the CPU Frequency Scaling governor to "ondemand"...
[   10.565540] cloud-init[964]: SHA256:5kURK6k48AMMpsUdPHf3+OlTWmL4t8GijF/PUg+Zi6I root@ubuntu-xenial
         Starting Permit User Sessions...
[   10.695866] cloud-init[964]: The key's randomart image is:
[   10.697964] cloud-init[964]: +---[ECDSA 256]---+
[   10.699072] cloud-init[964]: |.o.o..    o.     |
[   10.700177] cloud-init[964]: |o+. + . ...o     |
[   10.701247] cloud-init[964]: |. +  o .o.oo     |
[   10.702324] cloud-init[964]: |   + . . o. .    |
[   10.703390] cloud-init[964]: |    = . S .o . o |
[   10.712426]          Starting LSB: daemon to balance interrupts for SMP systems...
cloud-init[964]: |     o o .. =.B  |
[   10.714187] cloud-init[[0;32m  OK  [0m] Started System Logging Service.
[[0;32m  OK  [0m] Started LSB: MD monitoring daemon.[964]: |        .  +oBo+ |

[[0;32m  OK  [0m] Started LSB: Record successful boot for GRUB.
[[0;32m  OK  [0m] Started LXD - container startup/shutdown.
[[0;32m  OK  [0m] Started Permit User Sessions.
[   10.719767] cloud-init[964]: |         o.oB+o..|
[   10.727716] cloud-init[964]: |        Eo+. ++. |
[   10.736602] cloud-init[964]: +----[SHA256]-----+
[   10.740087] [[0;32m  OK  [0m] Started Login Service.
[[0;32m  OK  [0m] Started LSB: Set the CPU Frequency Scaling governor to "ondemand".
cloud-init[964]: Generating public/private ed25519 key pair.
[[0;32m  OK  [0m] Started Unattended Upgrades Shutdown.
         Starting Authenticate and Authorize Users to Run Privileged Tasks...
[   10.760535]          Starting Hold until boot process finishes up...
         Starting Terminate Plymouth Boot Screen...
cloud-init[964]: [[0;32m  OK  [0m] Started LSB: automatic crash report generation.
[[0;32m  OK  [0m] Started LSB: daemon to balance interrupts for SMP systems.
[[0;32m  OK  [0m] Started Hold until boot process finishes up.
Your identification has been saved in /etc/ssh/ssh_host_ed25519_key.
[   10.780475] [cloud-init[0;32m  OK  [0m[964]: ] Your public key has been saved in /etc/ssh/ssh_host_ed25519_key.pub.Started Serial Getty on ttyS0.

[   10.781824] [[0;32m  OK  [0m] Started Getty on tty1.
[[0;32m  OK  [0m] Reached target Login Prompts.
cloud-init[964]: The key fingerprint is:         Starting Set console scheme...
[[0;32m  OK  [0m] Started Terminate Plymouth Boot Screen.

[   10.788791] cloud-init[[0;32m  OK  [0m] Started Set console scheme.
[964]: SHA256:Bs4+n2/E+JekXj1oakZn4bHr/tUmaPfWyB15ckFuN5g root@ubuntu-xenial
[   10.793217] cloud-init[964]: The key's randomart image is:
[[0;32m  OK  [0m] Started Authenticate and Authorize Users to Run Privileged Tasks.
[[0;32m  OK  [0m] Started Accounts Service.
[   10.798552] cloud-init[964]: +--[ED25519 256]--+
[   10.803095] cloud-init[964]: |                 |
[   10.804568] cloud-init[964]: |               . |
[   10.807325] cloud-init[964]: |      .       =  |
[   10.809141] cloud-init[964]: |     o .    oE =.|
[   10.812286] cloud-init[964]: |      o So . +. =|
[   10.815634] cloud-init[964]: |     . .. + *+.o+|[[0;32m  OK  [0m] Started Snap Daemon.

[   10.819532] cloud-init[964]: |      o  + =*+==B|
[   10.820780] cloud-init[964]: |       o .*=+.o*+|
[   10.821702] cloud-init[964]: |        o*++o....|
[   10.823388] cloud-init[964]: +----[SHA256]-----+
         Starting Wait until snapd is fully seeded...
[[0;32m  OK  [0m] Started Virtualbox guest utils.
[[0;32m  OK  [0m] Started Pollinate to seed the pseudo random number generator.
         Starting OpenBSD Secure Shell server...
[[0;32m  OK  [0m] Started OpenBSD Secure Shell server.
[[0;32m  OK  [0m] Created slice User Slice of vagrant.
         Starting User Manager for UID 1000...
[[0;32m  OK  [0m] Started Session 1 of user vagrant.
[[0;32m  OK  [0m] Started User Manager for UID 1000.
[[0;32m  OK  [0m] Started Wait until snapd is fully seeded.
         Starting Apply the settings specified in cloud-config...
[[0;32m  OK  [0m] Reached target Multi-User System.
[[0;32m  OK  [0m] Reached target Graphical Interface.
         Starting Update UTMP about System Runlevel Changes...
[[0;32m  OK  [0m] Started Update UTMP about System Runlevel Changes.
         Stopping User Manager for UID 1000...
[[0;32m  OK  [0m] Stopped User Manager for UID 1000.
[[0;32m  OK  [0m] Removed slice User Slice of vagrant.
[   13.245196] cloud-init[1475]: Generating locales (this might take a while)...
[[0;32m  OK  [0m] Created slice User Slice of vagrant.
         Starting User Manager for UID 1000...
[[0;32m  OK  [0m] Started Session 2 of user vagrant.
[[0;32m  OK  [0m] Started User Manager for UID 1000.
[   13.919954] cloud-init[1475]:   en_US.UTF-8... done
[   13.921169] cloud-init[1475]: Generation complete.
[   14.163166] cloud-init[1475]: Cloud-init v. 21.1-19-gbad84ad4-0ubuntu1~16.04.2 running 'modules:config' at Sat, 22 May 2021 01:19:26 +0000. Up 13.14 seconds.
[[0;32m  OK  [0m] Started Apply the settings specified in cloud-config.
         Starting Execute cloud user/final scripts...
         Starting Hostname Service...
ci-info: no authorized SSH keys fingerprints found for user ubuntu.
[[0;32m  OK  [0m] Started Hostname Service.
<14>May 22 01:19:28 ec2: 
<14>May 22 01:19:28 ec2: #############################################################
<14>May 22 01:19:28 ec2: -----BEGIN SSH HOST KEY FINGERPRINTS-----
<14>May 22 01:19:28 ec2: 1024 SHA256:7L0gVAjKMw7lgQLSVgCA9015Ydx0bTxUDpdlhIi95ng root@ubuntu-xenial (DSA)
<14>May 22 01:19:28 ec2: 256 SHA256:5kURK6k48AMMpsUdPHf3+OlTWmL4t8GijF/PUg+Zi6I root@ubuntu-xenial (ECDSA)
<14>May 22 01:19:28 ec2: 256 SHA256:Bs4+n2/E+JekXj1oakZn4bHr/tUmaPfWyB15ckFuN5g root@ubuntu-xenial (ED25519)
<14>May 22 01:19:28 ec2: 2048 SHA256:CrjAQ5P6BG8ufkVLzv9TLpsQcpiWcjmHZ5PszEwaWf0 root@ubuntu-xenial (RSA)
<14>May 22 01:19:28 ec2: -----END SSH HOST KEY FINGERPRINTS-----
<14>May 22 01:19:28 ec2: #############################################################
-----BEGIN SSH HOST KEY KEYS-----
ecdsa-sha2-nistp256 AAAAE2VjZHNhLXNoYTItbmlzdHAyNTYAAAAIbmlzdHAyNTYAAABBBE4DeMAJsDLccDYKRl2xGL7ZZmhdVVYiI/NlOpgkOIlOvqfxpCroLZ1SVJATeBGA62cHOYkqyxlkj+B8isMvMzM= root@ubuntu-xenial
ssh-ed25519 AAAAC3NzaC1lZDI1NTE5AAAAIKBGqTh9HaiD91aViKJ0VA+8yRn3JfcONUJA0W3ViaZO root@ubuntu-xenial
ssh-rsa AAAAB3NzaC1yc2EAAAADAQABAAABAQDaRhv34xWU1sVca/wRDNADK0PVcnB9ghbcSX8eddovtkEEySz+4V5v5MoIX/XPKVArAm5dgeafZ0sFMEKUaETieeCWb55cPAJmPCI+24pXDxJuet09GvDl+FV1PhK9cwB9xz6up7e6OTWEVDq+n9QYMtJO90fbKONUHeZcDADkr/8USmZ6PGttcECmAcPSo6iU4ySPyUxitIxFIxo/g9+EMtXe85tDqPHBM+6b92slfySlsvSu8hq7gCZ3DTKewdWcdRVM42bY+NYJAZfAu+qxwskyHgPZyNpLzZK4fUHFafbKw+C0Mmup3BCHZaqvZDC0y1jxOV/8zdb2FwubriTn root@ubuntu-xenial
-----END SSH HOST KEY KEYS-----
[   14.591779] cloud-init[1632]: Cloud-init v. 21.1-19-gbad84ad4-0ubuntu1~16.04.2 running 'modules:final' at Sat, 22 May 2021 01:19:28 +0000. Up 14.43 seconds.
[   14.600517] cloud-init[1632]: ci-info: no authorized SSH keys fingerprints found for user ubuntu.
[   14.608348] cloud-init[1632]: Cloud-init v. 21.1-19-gbad84ad4-0ubuntu1~16.04.2 finished at Sat, 22 May 2021 01:19:28 +0000. Datasource DataSourceNoCloud [seed=/dev/sdb][dsmode=net].  Up 14.58 seconds
[[0;32m  OK  [0m] Started Execute cloud user/final scripts.
[[0;32m  OK  [0m] Reached target Cloud-init target.

Ubuntu 16.04.7 LTS web01 ttyS0

web01 login: 